20240718	22:57:36	25cea4e4-86d1-46f7-89eb-35731c2237c0	GET	/	undefined
20240718	22:57:37	d055d058-6a3a-4aa4-a663-e1411270b353	GET	/favicon.ico	undefined
20240718	22:57:44	dd5651fd-46a1-467a-871a-a368c7d5a954	GET	/	undefined
20240718	22:57:45	ab442c92-09ca-4602-8641-2ccfa47bfb14	GET	/	undefined
20240718	22:57:45	fd514824-e037-404b-8ffd-ffab1697fe30	GET	/	undefined
20240718	22:57:45	41af222b-92c5-4749-b9a0-a3d91ec766aa	GET	/	undefined
20240718	22:57:45	609a8ba4-3180-49b5-98cc-ecdaea5300d0	GET	/	undefined
20240718	22:57:46	510aa9c6-a4b8-44e3-b51d-a18c6abd905f	GET	/	undefined
20240718	22:57:46	a3bf5409-bdf6-4ac3-84d4-095a2b1e7161	GET	/	undefined
20240718	22:57:46	6e348229-11ad-48e3-9fef-61a88057abbb	GET	/	undefined
20240718	22:58:11	09e99c3f-bdbe-4997-a2b2-4a2b7a8178d7	GET	/	undefined
20240718	22:59:59	fd739fb5-0c87-4c65-ba61-7e52d4b26f33	GET	/	undefined
20240718	22:59:59	86e15742-b02e-4101-bf55-a542fc886d1a	GET	/dist/output.css	undefined
20240718	23:00:33	4eb2e342-af1e-4b49-b59e-9afc5c7a46f1	GET	/	undefined
20240718	23:00:33	938368d9-8e51-4685-8380-0861d2badf7f	GET	/dist/output.css	undefined
20240718	23:00:34	1049ee8c-7541-4289-93b8-4f088f94c8b7	GET	/	undefined
20240718	23:00:34	5d4c4d90-0bd9-4d2d-93d2-b13e9f91a550	GET	/dist/output.css	undefined
20240718	23:00:34	b09c2f8f-4d7e-452a-8de5-17f96842c566	GET	/	undefined
20240718	23:00:34	4b17b8a8-1b04-470a-8aca-2b0035a4f44a	GET	/dist/output.css	undefined
20240718	23:00:40	8ebb6ae4-2d89-4d54-9491-21c223607419	GET	/	undefined
20240718	23:01:29	a3b878e8-e89c-4cb1-982b-2651a86a94e9	GET	/	undefined
20240718	23:02:53	6b7559b7-21c7-4b70-8c6b-b438b9397717	GET	/	undefined
20240718	23:03:42	2540a322-8943-4857-ac5c-c610d0aba41f	GET	/	undefined
20240718	23:04:01	5d338a92-2347-453e-ae41-66bd6b1ce9d6	GET	/	undefined
20240718	23:04:10	fdd99865-09ae-451d-8b56-f149ae46fc36	GET	/	undefined
20240718	23:04:16	0c94022f-d1dc-4eac-9a38-a9a07e920f7c	GET	/	undefined
20240718	23:04:23	9f1c0a40-fd62-4623-9b13-0505aff4ad95	GET	/	undefined
20240718	23:04:32	b85e90bf-2a51-41e9-8b83-fc6796cca04e	GET	/	undefined
20240718	23:04:44	6c3d3043-7709-46a7-bf9c-649ddd52850f	GET	/	undefined
20240718	23:04:49	37d0829a-d2e3-435f-b14e-6a16e9424a96	GET	/	undefined
20240718	23:04:54	90453583-9065-4570-835a-fd59cbda5e1d	GET	/	undefined
20240718	23:05:18	16c490cf-cc95-40e9-b125-460a595019e5	GET	/	undefined
20240718	23:05:19	780006d8-a104-4e44-80b4-6b1330c0c25d	GET	/	undefined
20240718	23:05:20	5eb42d79-e8a8-4a21-afcd-08cbd288bbd5	GET	/	undefined
20240718	23:05:35	0c799b3a-96d6-4335-b5a2-68ea8d998b43	GET	/	undefined
20240718	23:05:43	8338b45c-d377-4264-bf99-d5ee65e594f8	GET	/	undefined
20240718	23:06:51	aefe1c84-b24e-4343-b183-8c25ba240b94	GET	/	undefined
20240718	23:07:45	d4334b33-e330-463e-a728-1f9ce7e4b3c6	GET	/	undefined
20240718	23:07:50	fa9ce3ec-3476-4d37-94a1-2761857a1ff2	GET	/	undefined
20240718	23:08:08	2035e189-fbed-48ff-a3c3-f26f2c58a583	GET	/	undefined
20240718	23:08:28	ab8df5f5-477a-4e6d-82a2-f6788a888e00	GET	/	undefined
20240718	23:08:35	ab97bc2b-608b-4ae3-9916-3b2c14a5d230	GET	/324234	undefined
20240718	23:08:37	4d8b107f-549e-43e0-aa56-1b420b0527c6	GET	/	undefined
20240720	18:45:22	d69c7b9b-0136-4b66-83c1-83153530ef33	POST	/users	undefined
20240720	18:46:02	3c350873-cd29-4c22-944c-c3bf0a7c4b72	POST	/users	undefined
20240720	18:46:13	52c58526-01fd-44fb-b37b-217572a80792	POST	/users	undefined
20240720	18:47:43	9e97262d-9a97-4f71-84c0-d9e68e3b4edc	POST	/users	undefined
20240720	18:47:46	f7247db0-024c-45fa-b537-6d41199a400d	POST	/users	undefined
20240720	18:48:07	cc8acc5b-a211-491f-9f99-1447993a2f16	POST	/users	undefined
20240720	18:49:04	6c50993c-89c5-4600-9d4b-510f6407eb2e	POST	/users	undefined
20240720	18:50:34	88601db2-e638-444b-9c20-2be8fdb85503	DELETE	/users	undefined
20240720	18:50:50	ea9e1773-ae23-42b2-a15f-48c992be9a07	DELETE	/users	undefined
20240720	18:51:02	904fb0d9-bfe2-4b8b-97b1-422f1a7a7fc7	DELETE	/users	undefined
20240720	18:51:16	3bf9c32b-0b23-4af1-98f3-1533679d375b	DELETE	/users	undefined
20240720	18:52:31	b7d50a39-b5ee-4e7a-ab0c-2702b6adb141	DELETE	/users	undefined
20240720	18:53:05	0b06f841-5dd1-4ea1-9c9d-96493d405df2	POST	/users	undefined
20240720	18:53:31	41a869c9-ecf4-4809-a44c-92c9c61ae949	DELETE	/users	undefined
20240720	18:53:40	7a529c03-bb6b-4a24-be23-214150ec9db4	DELETE	/users	undefined
20240720	18:54:07	6ad52c4e-3672-4456-a797-d3e5fca148c3	POST	/users	undefined
20240720	18:54:18	c283ae66-a040-4292-bebf-02149583bb86	DELETE	/users	undefined
20240720	18:54:30	31736bbc-a3f2-49d9-906e-b9552f5edd15	POST	/users	undefined
20240720	19:09:19	84ae5d86-cde8-4534-abc4-8b8f850440fa	GET	/users	undefined
20240720	19:10:32	d8d031b1-baea-474c-9d41-463b8e8319f3	PATCH	/users	undefined
20240720	19:10:50	e74d184d-34ba-41a6-acc8-50d45cc78e75	PATCH	/users	undefined
20240720	19:11:01	456de1a0-f579-476f-a6ee-0d0560c9e7fe	PATCH	/users	undefined
20240721	21:44:03	93000fe5-c1e7-4d04-ab43-e6df82ed0121	GET	/	undefined
20240721	21:44:03	9d402bc3-566f-496c-b471-907bd9dfcc71	GET	/favicon.ico	undefined
20240721	21:44:05	5560d57e-fcd6-43ef-af30-24378f55ba2c	GET	/	undefined
20240723	15:25:38	2d5aec2b-8e9e-45b7-9aad-c042c9946bf1	GET	/	undefined
20240723	15:25:39	b38b65de-200c-47bd-8dd7-58b2b9571bcc	GET	/favicon.ico	undefined
20240723	15:46:59	d1431325-1480-4403-bbf1-161dfea6e675	GET	/	undefined
20240723	15:47:00	c6ac0162-ac1b-4082-a032-e57ae71b9f94	GET	/public/images/gymnation-logo.png	undefined
20240723	15:47:16	fb5de201-9c4a-40e7-8662-44797841d9af	GET	/	undefined
20240723	15:47:32	14d86c7c-8a6c-4c37-9c1b-a41c7b1ca5b1	GET	/	undefined
20240723	15:47:56	78a0618c-8325-4b4d-9bd5-1e0879994e8f	GET	/	undefined
20240723	15:47:56	9f10098d-b750-4a4d-bc48-24620ddbd7bf	GET	/backend/public/images/gymnation-logo.png	undefined
20240723	15:47:58	73f7404e-5260-4b1d-a3cf-08a7897852fd	GET	/	undefined
20240723	15:47:59	62ed7e98-a0ea-4e9f-8167-06d533e82b24	GET	/backend/public/images/gymnation-logo.png	undefined
20240723	15:47:59	8094dbc8-eb5e-4248-aaa2-f25d9d35507d	GET	/	undefined
20240723	15:47:59	747e00b1-bfd8-4864-b0d3-37a76e172584	GET	/backend/public/images/gymnation-logo.png	undefined
20240723	15:48:28	bc8a7093-44e3-4916-8030-933b9e2a586c	GET	/	undefined
20240723	15:48:28	13cd597d-987e-4dcb-b76c-f21fe438257e	GET	/path/to/gymnation-logo.png	undefined
20240723	15:48:30	08618ffc-38b1-4937-a604-1573917731ff	GET	/	undefined
20240723	15:48:30	7c5b1c5b-ffae-4d91-bbc1-5fd2d10d51a0	GET	/path/to/gymnation-logo.png	undefined
20240723	15:48:37	2874040f-0d0b-456f-b8fe-25e2c03f1c85	GET	/	undefined
20240723	15:48:37	d5025232-7c8a-44e8-953f-3e401a4ceece	GET	/path/to/gymnation-logo.png	undefined
20240723	15:49:18	47491b2e-ba71-4038-aade-7650776c7e13	GET	/	undefined
20240723	15:49:18	2de637f7-8c98-412b-bdda-4bab0ba5b3f5	GET	/gymnation-logo.png	undefined
20240723	15:49:40	68cf4c31-6325-437c-bdfa-fb7185d96bd9	GET	/	undefined
20240723	15:49:40	fabf60ab-5740-4c1a-ae0e-05e7cae84f83	GET	/backend/public/images/gymnation-logo.png	undefined
20240723	15:50:52	42db9a41-fcfb-4b90-b7bf-bdb36018a404	GET	/	undefined
20240723	15:50:52	e6dc84e3-236f-4f58-9da9-384859951b5a	GET	/images/gymnation-logo.png	undefined
20240723	15:51:36	f2d06f79-8ddc-4612-acce-7798e558954f	GET	/	undefined
20240723	15:51:36	5b1e5c12-5b62-469d-85fc-db104463858a	GET	/images/gymnation-logo.png	undefined
20240723	15:52:34	694a5795-902a-4890-a21a-3651511b1cf6	GET	/	undefined
20240723	15:52:35	c5db5750-8c7b-40c3-95b6-e40983629e6a	GET	/images/gymnation-logo.png	undefined
20240723	15:52:35	df0140db-1721-4b63-8f99-e1c60bc1deef	GET	/images/gymnation-logo	undefined
20240723	15:52:36	d7bebf6b-5762-41d6-860b-20447b5b750c	GET	/	undefined
20240723	15:52:36	989738f6-2525-470b-b7c6-4fec6c02d514	GET	/images/gymnation-logo.png	undefined
20240723	15:52:37	d3cbf038-ce0a-4495-a668-8d04c03feae0	GET	/	undefined
20240723	15:52:37	a767bb1d-9694-4469-8339-256773356df7	GET	/images/gymnation-logo.png	undefined
20240723	15:52:37	ec5acfed-d096-4043-960d-2dc5c5f540fa	GET	/	undefined
20240723	15:52:37	5939c564-2a40-44bd-8668-74f53c19ec67	GET	/images/gymnation-logo.png	undefined
20240723	15:52:37	1dd415aa-be4b-4633-a3db-4838c8f15eb1	GET	/	undefined
20240723	15:52:37	63c0731d-5e40-4a68-9791-7288fdfe0eeb	GET	/images/gymnation-logo.png	undefined
20240723	15:52:46	572e89e0-11d3-47e1-9769-5b39cded04f7	GET	/	undefined
20240723	15:52:46	68a0f82d-7cfa-4c66-a53b-a885ee9936f4	GET	/images/gymnation-logo.png	undefined
20240723	15:52:46	24b815b0-f067-42dc-ad58-b2c06825fe2b	GET	/images/gymnation-logo.png	undefined
20240723	16:03:30	68da7f87-03cb-40b8-9b28-878fbe094dce	GET	/	undefined
20240723	16:03:31	1ae7ead4-6061-430b-ae47-8e2e6725121a	GET	/images/gymnation-logo.png	undefined
20240723	16:03:31	06892e84-c640-435e-92a1-8e825d24d75e	GET	/images/gymnation-logo-bg.png	undefined
20240723	16:03:56	4a228fb6-a77c-4df1-aadc-5a4a6ddfbe6d	GET	/sad	undefined
20240723	16:04:00	fcee6e5f-5f61-4dea-96fe-5c6a045999e8	GET	/	undefined
20240723	16:04:00	2439081a-d8e4-4f53-bd05-a11f34d9f375	GET	/images/gymnation-logo.png	undefined
20240729	21:59:04	7002d622-4d34-44f3-8601-b679fa1894f5	GET	/	undefined
20240729	21:59:04	8b7d90cd-54a0-4fd6-b2d2-1f39923eba23	GET	/images/gymnation-logo.png	undefined
20240729	21:59:05	b6c0bf0e-f8e3-49e1-904b-aed5354827d3	GET	/images/gymnation-logo-bg.png	undefined
20240729	22:00:03	6dca01f8-64e8-4dcf-8bd4-e68b0d934254	GET	/	undefined
20240729	22:00:03	ccd9f1bb-6b6b-4837-9520-3d6dfdc7a4f6	GET	/images/gymnation-logo.png	undefined
20240729	22:00:03	8debe8ae-404c-46a1-9e54-2624a0b9633a	GET	/images/gymnation-logo-bg.png	undefined
20240729	22:00:04	b2a2a3e5-1b12-4876-b3d5-9efe85b9f09f	GET	/	undefined
20240729	22:00:04	d34a0e52-33f8-4dfb-9bd4-241d4ea309b1	GET	/images/gymnation-logo.png	undefined
20240729	22:00:04	92a5308c-3c04-4b02-8728-e3c2c10411c8	GET	/images/gymnation-logo-bg.png	undefined
20240729	22:00:38	7a48d50d-8863-449a-97a2-84f0d7e00007	GET	/	undefined
20240729	22:00:38	5ef87052-3efa-46a7-80a5-82434d05dec4	GET	/images/gymnation-logo.png	undefined
20240729	22:00:38	2f75e6ff-e680-489a-89a0-8b91c2236f31	GET	/images/gymnation-logo-bg.png	undefined
20240729	22:02:10	aa6329b6-a54d-4efb-9204-c12a5f99a5be	GET	/	undefined
20240729	22:02:10	a229aeee-cfeb-4a44-94d4-6076397faa8b	GET	/images/gymnation-logo.png	undefined
20240729	22:02:10	b914a020-821a-4611-bb11-e075a92f35b8	GET	/images/gymnation-logo-bg.png	undefined
20240729	22:02:50	7301eb90-060e-48f2-b235-c61edec3c389	GET	/	undefined
20240729	22:02:50	053afcd7-960a-439a-9c61-289d53219de5	GET	/images/gymnation-logo.png	undefined
20240729	22:02:51	30185b97-cda0-42ed-a330-87c7a55943b7	GET	/images/gymnation-logo-bg.png	undefined
20240729	22:03:07	6ee1cf54-72b1-451e-9e33-4ad0af903987	GET	/	undefined
20240729	22:03:07	32be0167-7127-4c8b-bd64-5d1d64075a69	GET	/images/gymnation-logo.png	undefined
20240729	22:03:07	c9debec2-5f81-41d7-87dd-2248b6230d55	GET	/images/gymnation-logo-bg.png	undefined
20240729	22:03:13	b03f4d62-8258-422d-addc-b7a0491d031b	GET	/	undefined
20240729	22:03:13	7e60d6c3-ab18-4cf0-9db8-ba4a0937137f	GET	/images/gymnation-logo.png	undefined
20240729	22:03:13	90ff41f3-6172-4e8f-97f7-a65e9ec2e497	GET	/images/gymnation-logo-bg.png	undefined
20240729	22:03:15	811debb3-2967-4a5c-98fc-fe913a89500a	GET	/	undefined
20240729	22:03:15	e6825983-cd37-472c-81b5-d0d3961c309b	GET	/images/gymnation-logo.png	undefined
20240729	22:03:15	ad8f7eee-a7ef-47eb-9b29-88b79bf8967b	GET	/images/gymnation-logo-bg.png	undefined
20240729	22:04:53	dc983193-88fa-45b3-817a-92b25e82f04f	GET	/	undefined
20240729	22:04:53	27580ec9-d884-4e6c-9c85-5d1fe4632ff0	GET	/images/gymnation-logo.png	undefined
20240729	22:04:53	e676d024-5d85-4868-b2be-cbb93aa4f5b7	GET	/images/favicon.ico	undefined
20240729	22:06:34	32a6a34c-1919-46db-9322-5f7a5af16263	GET	/	undefined
20240729	22:06:34	60c9ad40-4fcb-4419-b8e8-a6d090291627	GET	/images/gymnation-logo.png	undefined
20240729	22:06:35	441e5975-6c0d-4c7d-b668-fb85ff4a1bd9	GET	/images/android-chrome-512x512	undefined
20240729	22:06:37	0192c612-494b-4fce-baa5-f42c1dff0ad4	GET	/	undefined
20240729	22:06:37	ec309c7e-7a42-4647-b519-a4104bd38038	GET	/images/gymnation-logo.png	undefined
20240729	22:06:40	e205c6d7-e149-4c7b-b3b7-803179f066ab	GET	/	undefined
20240729	22:06:40	a1f5c1ed-e247-4b0c-a974-941e9a1ecba4	GET	/images/gymnation-logo.png	undefined
20240729	22:06:41	95ce1c49-394c-41f2-9b29-a1348a63fda7	GET	/	undefined
20240729	22:06:41	853684bd-6dfe-4f89-a47e-c235e688fba7	GET	/images/gymnation-logo.png	undefined
20240729	22:06:49	2fb2d184-f8bb-45bd-a232-b9b411823587	GET	/	undefined
20240729	22:06:49	b1c87aba-2def-41aa-a07a-68532816739c	GET	/images/gymnation-logo.png	undefined
20240729	22:06:49	bb315812-4ebb-41c7-adc8-380c4d1848a2	GET	/images/favicon.ico	undefined
20240730	16:18:14	26dd9710-694a-4af4-8dee-3080263e582a	GET	/	undefined
20240730	16:18:15	35dbcbdf-a7a1-48f7-b547-7c36a6ccd367	GET	/images/gymnation-logo.png	undefined
20240730	16:18:15	4b6abfad-3a91-4528-b5cc-8a05cc5f9a50	GET	/images/favicon.ico	undefined
20240730	17:53:07	1b1755c9-5b97-4d9d-a3ce-be2e0f87a49c	POST	/users	undefined
20240730	17:54:50	7f98c489-f08e-45d3-bcfd-8bb3a71867dc	PATCH	/users	undefined
20240730	17:55:28	1b53a4ba-c3af-4445-a576-35ab57cd9120	PATCH	/users	undefined
20240730	17:55:58	222d8fa7-05b2-4114-a41a-b51b3e4c1784	PATCH	/users	undefined
20240730	17:55:59	8fed1a16-30c0-4256-b98d-50f9181308e3	PATCH	/users	undefined
20240730	20:08:43	fa006c5f-816e-4352-b40b-ceb46088b940	GET	/	undefined
20240730	20:08:43	36156842-f5c1-4db7-9cd6-7e1a2f638835	GET	/images/gymnation-logo.png	undefined
20240730	20:08:43	364862df-0147-492d-9656-c4d3cb92e331	GET	/images/favicon.ico	undefined
